<?xml version="1.0" encoding="utf-8"?><testsuites name="pytest tests"><testsuite name="pytest" errors="0" failures="0" skipped="0" tests="3" time="1.939" timestamp="2026-08-30T15:56:17.557215+00:00" hostname="agent-env-74ee7dc4-47fd-4ea8-bfca-7ed93c317a5a"><testcase classname="tests.backend_test" name="test_root_and_seeded_hotels" time="0.534" /><testcase classname="tests.backend_test" name="test_admin_login_cookie_and_me" time="0.410" /><testcase classname="tests.backend_test" name="test_booking_validation_and_demo_booking" time="0.489" /></testsuite></testsuites>