<?xml version="1.0" encoding="utf-8"?><testsuites name="pytest tests"><testsuite name="pytest" errors="0" failures="1" skipped="0" tests="4" time="2.732" timestamp="2026-08-30T16:10:46.856116+00:00" hostname="agent-env-74ee7dc4-47fd-4ea8-bfca-7ed93c317a5a"><testcase classname="tests.backend_test" name="test_root_and_seeded_hotels" time="0.397" /><testcase classname="tests.backend_test" name="test_admin_login_cookie_and_me" time="0.386" /><testcase classname="tests.backend_test" name="test_booking_validation_and_demo_booking" time="0.380"><failure message="assert 409 == 200&#10; +  where 409 = &lt;Response [409]&gt;.status_code">backend/tests/backend_test.py:26: in test_booking_validation_and_demo_booking
    assert r.status_code == 200
E   assert 409 == 200
E    +  where 409 = &lt;Response [409]&gt;.status_code</failure></testcase><testcase classname="tests.backend_test" name="test_razorpay_demo_config_and_protected_fallbacks" time="1.042" /></testsuite></testsuites>